<?xml version="1.0" encoding="UTF-8"?>
<!-- Generated by org.testng.reporters.JUnitReportReporter -->
<testsuite hostname="DESKTOP-LO9K8OC" failures="0" tests="1" name="testcase.ClearShoppingCart" time="4.905" errors="0" timestamp="2022-09-29T16:16:42 IST" skipped="0">
  <testcase classname="testcase.ClearShoppingCart" name="ClearAddToCartAndGoToBooks" time="4.905"/>
  <system-out/>
</testsuite> <!-- testcase.ClearShoppingCart -->
